1740853447.502724 client started (5819): version 3.4, socket /tmp/tmux-1000/default, protocol 8
1740853447.502765 on Linux 5.15.167.4-microsoft-standard-WSL2 #1 SMP Tue Nov 5 00:21:55 UTC 2024
1740853447.502771 using libevent 2.1.12-stable poll
1740853447.502775 using ncurses 6.4 20240113
1740853447.502791 flags are 0x18010000
1740853447.502808 socket is /tmp/tmux-1000/default
1740853447.502822 trying connect
1740853447.502837 connect failed: No such file or directory
1740853447.502847 lock file is /tmp/tmux-1000/default.lock
1740853447.502874 flock succeeded
1740853447.502878 got lock (6)
1740853447.502884 trying connect
1740853447.502892 connect failed: No such file or directory
1740853447.503164 add peer 0x563be288ca60: 7 ((nil))
1740853447.503932 sending message 100 to peer 0x563be288ca60 (4 bytes)
1740853447.503945 sending message 111 to peer 0x563be288ca60 (8 bytes)
1740853447.503950 sending message 101 to peer 0x563be288ca60 (15 bytes)
1740853447.503954 sending message 109 to peer 0x563be288ca60 (4 bytes)
1740853447.503959 sending message 102 to peer 0x563be288ca60 (11 bytes)
1740853447.503963 sending message 108 to peer 0x563be288ca60 (39 bytes)
1740853447.503967 sending message 112 to peer 0x563be288ca60 (58 bytes)
1740853447.503971 sending message 112 to peer 0x563be288ca60 (5 bytes)
1740853447.503976 sending message 112 to peer 0x563be288ca60 (5 bytes)
1740853447.503980 sending message 112 to peer 0x563be288ca60 (6 bytes)
1740853447.503984 sending message 112 to peer 0x563be288ca60 (6 bytes)
1740853447.503988 sending message 112 to peer 0x563be288ca60 (11 bytes)
1740853447.503992 sending message 112 to peer 0x563be288ca60 (10 bytes)
1740853447.503997 sending message 112 to peer 0x563be288ca60 (13 bytes)
1740853447.504001 sending message 112 to peer 0x563be288ca60 (14 bytes)
1740853447.504005 sending message 112 to peer 0x563be288ca60 (19 bytes)
1740853447.504009 sending message 112 to peer 0x563be288ca60 (11 bytes)
1740853447.504013 sending message 112 to peer 0x563be288ca60 (10 bytes)
1740853447.504018 sending message 112 to peer 0x563be288ca60 (15 bytes)
1740853447.504022 sending message 112 to peer 0x563be288ca60 (21 bytes)
1740853447.504026 sending message 112 to peer 0x563be288ca60 (13 bytes)
1740853447.504030 sending message 112 to peer 0x563be288ca60 (7 bytes)
1740853447.504034 sending message 112 to peer 0x563be288ca60 (13 bytes)
1740853447.504038 sending message 112 to peer 0x563be288ca60 (7 bytes)
1740853447.504042 sending message 112 to peer 0x563be288ca60 (13 bytes)
1740853447.504046 sending message 112 to peer 0x563be288ca60 (9 bytes)
1740853447.504050 sending message 112 to peer 0x563be288ca60 (21 bytes)
1740853447.504054 sending message 112 to peer 0x563be288ca60 (13 bytes)
1740853447.504059 sending message 112 to peer 0x563be288ca60 (9 bytes)
1740853447.504063 sending message 112 to peer 0x563be288ca60 (16 bytes)
1740853447.504067 sending message 112 to peer 0x563be288ca60 (13 bytes)
1740853447.504071 sending message 112 to peer 0x563be288ca60 (9 bytes)
1740853447.504075 sending message 112 to peer 0x563be288ca60 (9 bytes)
1740853447.504080 sending message 112 to peer 0x563be288ca60 (12 bytes)
1740853447.504084 sending message 112 to peer 0x563be288ca60 (8 bytes)
1740853447.504088 sending message 112 to peer 0x563be288ca60 (8 bytes)
1740853447.504092 sending message 112 to peer 0x563be288ca60 (13 bytes)
1740853447.504096 sending message 112 to peer 0x563be288ca60 (7 bytes)
1740853447.504100 sending message 112 to peer 0x563be288ca60 (7 bytes)
1740853447.504104 sending message 112 to peer 0x563be288ca60 (9 bytes)
1740853447.504109 sending message 112 to peer 0x563be288ca60 (9 bytes)
1740853447.504113 sending message 112 to peer 0x563be288ca60 (15 bytes)
1740853447.504117 sending message 112 to peer 0x563be288ca60 (13 bytes)
1740853447.504121 sending message 112 to peer 0x563be288ca60 (12 bytes)
1740853447.504125 sending message 112 to peer 0x563be288ca60 (8 bytes)
1740853447.504129 sending message 112 to peer 0x563be288ca60 (14 bytes)
1740853447.504133 sending message 112 to peer 0x563be288ca60 (11 bytes)
1740853447.504144 sending message 112 to peer 0x563be288ca60 (9 bytes)
1740853447.504148 sending message 112 to peer 0x563be288ca60 (10 bytes)
1740853447.504152 sending message 112 to peer 0x563be288ca60 (10 bytes)
1740853447.504157 sending message 112 to peer 0x563be288ca60 (10 bytes)
1740853447.504161 sending message 112 to peer 0x563be288ca60 (10 bytes)
1740853447.504165 sending message 112 to peer 0x563be288ca60 (11 bytes)
1740853447.504169 sending message 112 to peer 0x563be288ca60 (12 bytes)
1740853447.504173 sending message 112 to peer 0x563be288ca60 (12 bytes)
1740853447.504177 sending message 112 to peer 0x563be288ca60 (12 bytes)
1740853447.504181 sending message 112 to peer 0x563be288ca60 (12 bytes)
1740853447.504185 sending message 112 to peer 0x563be288ca60 (12 bytes)
1740853447.504189 sending message 112 to peer 0x563be288ca60 (11 bytes)
1740853447.504193 sending message 112 to peer 0x563be288ca60 (11 bytes)
1740853447.504197 sending message 112 to peer 0x563be288ca60 (12 bytes)
1740853447.504202 sending message 112 to peer 0x563be288ca60 (12 bytes)
1740853447.504206 sending message 112 to peer 0x563be288ca60 (12 bytes)
1740853447.504210 sending message 112 to peer 0x563be288ca60 (12 bytes)
1740853447.504214 sending message 112 to peer 0x563be288ca60 (12 bytes)
1740853447.504218 sending message 112 to peer 0x563be288ca60 (9 bytes)
1740853447.504222 sending message 112 to peer 0x563be288ca60 (12 bytes)
1740853447.504226 sending message 112 to peer 0x563be288ca60 (13 bytes)
1740853447.504231 sending message 112 to peer 0x563be288ca60 (13 bytes)
1740853447.504235 sending message 112 to peer 0x563be288ca60 (13 bytes)
1740853447.504239 sending message 112 to peer 0x563be288ca60 (13 bytes)
1740853447.504243 sending message 112 to peer 0x563be288ca60 (13 bytes)
1740853447.504247 sending message 112 to peer 0x563be288ca60 (8 bytes)
1740853447.504251 sending message 112 to peer 0x563be288ca60 (11 bytes)
1740853447.504255 sending message 112 to peer 0x563be288ca60 (11 bytes)
1740853447.504259 sending message 112 to peer 0x563be288ca60 (11 bytes)
1740853447.504263 sending message 112 to peer 0x563be288ca60 (12 bytes)
1740853447.504268 sending message 112 to peer 0x563be288ca60 (12 bytes)
1740853447.504272 sending message 112 to peer 0x563be288ca60 (12 bytes)
1740853447.504277 sending message 112 to peer 0x563be288ca60 (12 bytes)
1740853447.504282 sending message 112 to peer 0x563be288ca60 (13 bytes)
1740853447.504286 sending message 112 to peer 0x563be288ca60 (13 bytes)
1740853447.504290 sending message 112 to peer 0x563be288ca60 (13 bytes)
1740853447.504294 sending message 112 to peer 0x563be288ca60 (8 bytes)
1740853447.504298 sending message 112 to peer 0x563be288ca60 (13 bytes)
1740853447.504302 sending message 112 to peer 0x563be288ca60 (13 bytes)
1740853447.504307 sending message 112 to peer 0x563be288ca60 (13 bytes)
1740853447.504311 sending message 112 to peer 0x563be288ca60 (13 bytes)
1740853447.504315 sending message 112 to peer 0x563be288ca60 (13 bytes)
1740853447.504319 sending message 112 to peer 0x563be288ca60 (12 bytes)
1740853447.504323 sending message 112 to peer 0x563be288ca60 (12 bytes)
1740853447.504327 sending message 112 to peer 0x563be288ca60 (12 bytes)
1740853447.504331 sending message 112 to peer 0x563be288ca60 (12 bytes)
1740853447.504335 sending message 112 to peer 0x563be288ca60 (13 bytes)
1740853447.504339 sending message 112 to peer 0x563be288ca60 (8 bytes)
1740853447.504344 sending message 112 to peer 0x563be288ca60 (13 bytes)
1740853447.504348 sending message 112 to peer 0x563be288ca60 (13 bytes)
1740853447.504352 sending message 112 to peer 0x563be288ca60 (13 bytes)
1740853447.504356 sending message 112 to peer 0x563be288ca60 (13 bytes)
1740853447.504360 sending message 112 to peer 0x563be288ca60 (13 bytes)
1740853447.504364 sending message 112 to peer 0x563be288ca60 (13 bytes)
1740853447.504368 sending message 112 to peer 0x563be288ca60 (13 bytes)
1740853447.504374 sending message 112 to peer 0x563be288ca60 (12 bytes)
1740853447.504378 sending message 112 to peer 0x563be288ca60 (12 bytes)
1740853447.504386 sending message 112 to peer 0x563be288ca60 (12 bytes)
1740853447.504390 sending message 112 to peer 0x563be288ca60 (8 bytes)
1740853447.504394 sending message 112 to peer 0x563be288ca60 (12 bytes)
1740853447.504398 sending message 112 to peer 0x563be288ca60 (13 bytes)
1740853447.504403 sending message 112 to peer 0x563be288ca60 (13 bytes)
1740853447.504407 sending message 112 to peer 0x563be288ca60 (13 bytes)
1740853447.504411 sending message 112 to peer 0x563be288ca60 (13 bytes)
1740853447.504415 sending message 112 to peer 0x563be288ca60 (13 bytes)
1740853447.504419 sending message 112 to peer 0x563be288ca60 (13 bytes)
1740853447.504423 sending message 112 to peer 0x563be288ca60 (13 bytes)
1740853447.504427 sending message 112 to peer 0x563be288ca60 (13 bytes)
1740853447.504431 sending message 112 to peer 0x563be288ca60 (12 bytes)
1740853447.504435 sending message 112 to peer 0x563be288ca60 (10 bytes)
1740853447.504439 sending message 112 to peer 0x563be288ca60 (12 bytes)
1740853447.504444 sending message 112 to peer 0x563be288ca60 (12 bytes)
1740853447.504448 sending message 112 to peer 0x563be288ca60 (12 bytes)
1740853447.504452 sending message 112 to peer 0x563be288ca60 (13 bytes)
1740853447.504456 sending message 112 to peer 0x563be288ca60 (13 bytes)
1740853447.504460 sending message 112 to peer 0x563be288ca60 (13 bytes)
1740853447.504464 sending message 112 to peer 0x563be288ca60 (13 bytes)
1740853447.504468 sending message 112 to peer 0x563be288ca60 (13 bytes)
1740853447.504472 sending message 112 to peer 0x563be288ca60 (13 bytes)
1740853447.504477 sending message 112 to peer 0x563be288ca60 (13 bytes)
1740853447.504481 sending message 112 to peer 0x563be288ca60 (10 bytes)
1740853447.504485 sending message 112 to peer 0x563be288ca60 (13 bytes)
1740853447.504489 sending message 112 to peer 0x563be288ca60 (12 bytes)
1740853447.504493 sending message 112 to peer 0x563be288ca60 (12 bytes)
1740853447.504497 sending message 112 to peer 0x563be288ca60 (12 bytes)
1740853447.504501 sending message 112 to peer 0x563be288ca60 (10 bytes)
1740853447.504505 sending message 112 to peer 0x563be288ca60 (10 bytes)
1740853447.504509 sending message 112 to peer 0x563be288ca60 (10 bytes)
1740853447.504513 sending message 112 to peer 0x563be288ca60 (12 bytes)
1740853447.504517 sending message 112 to peer 0x563be288ca60 (13 bytes)
1740853447.504521 sending message 112 to peer 0x563be288ca60 (13 bytes)
1740853447.504525 sending message 112 to peer 0x563be288ca60 (13 bytes)
1740853447.504529 sending message 112 to peer 0x563be288ca60 (13 bytes)
1740853447.504533 sending message 112 to peer 0x563be288ca60 (13 bytes)
1740853447.504537 sending message 112 to peer 0x563be288ca60 (10 bytes)
1740853447.504541 sending message 112 to peer 0x563be288ca60 (11 bytes)
1740853447.504545 sending message 112 to peer 0x563be288ca60 (12 bytes)
1740853447.504549 sending message 112 to peer 0x563be288ca60 (12 bytes)
1740853447.504553 sending message 112 to peer 0x563be288ca60 (12 bytes)
1740853447.504557 sending message 112 to peer 0x563be288ca60 (12 bytes)
1740853447.504561 sending message 112 to peer 0x563be288ca60 (12 bytes)
1740853447.504565 sending message 112 to peer 0x563be288ca60 (11 bytes)
1740853447.504569 sending message 112 to peer 0x563be288ca60 (12 bytes)
1740853447.504573 sending message 112 to peer 0x563be288ca60 (12 bytes)
1740853447.504578 sending message 112 to peer 0x563be288ca60 (13 bytes)
1740853447.504582 sending message 112 to peer 0x563be288ca60 (13 bytes)
1740853447.504586 sending message 112 to peer 0x563be288ca60 (13 bytes)
1740853447.504590 sending message 112 to peer 0x563be288ca60 (13 bytes)
1740853447.504594 sending message 112 to peer 0x563be288ca60 (13 bytes)
1740853447.504598 sending message 112 to peer 0x563be288ca60 (10 bytes)
1740853447.504602 sending message 112 to peer 0x563be288ca60 (9 bytes)
1740853447.504606 sending message 112 to peer 0x563be288ca60 (12 bytes)
1740853447.504632 sending message 112 to peer 0x563be288ca60 (13 bytes)
1740853447.504638 sending message 112 to peer 0x563be288ca60 (13 bytes)
1740853447.504666 sending message 112 to peer 0x563be288ca60 (13 bytes)
1740853447.504672 sending message 112 to peer 0x563be288ca60 (13 bytes)
1740853447.504677 sending message 112 to peer 0x563be288ca60 (13 bytes)
1740853447.504681 sending message 112 to peer 0x563be288ca60 (9 bytes)
1740853447.504685 sending message 112 to peer 0x563be288ca60 (12 bytes)
1740853447.504689 sending message 112 to peer 0x563be288ca60 (13 bytes)
1740853447.504693 sending message 112 to peer 0x563be288ca60 (13 bytes)
1740853447.504698 sending message 112 to peer 0x563be288ca60 (13 bytes)
1740853447.504702 sending message 112 to peer 0x563be288ca60 (13 bytes)
1740853447.504707 sending message 112 to peer 0x563be288ca60 (13 bytes)
1740853447.504711 sending message 112 to peer 0x563be288ca60 (11 bytes)
1740853447.504715 sending message 112 to peer 0x563be288ca60 (12 bytes)
1740853447.504719 sending message 112 to peer 0x563be288ca60 (13 bytes)
1740853447.504723 sending message 112 to peer 0x563be288ca60 (13 bytes)
1740853447.504727 sending message 112 to peer 0x563be288ca60 (13 bytes)
1740853447.504731 sending message 112 to peer 0x563be288ca60 (13 bytes)
1740853447.504735 sending message 112 to peer 0x563be288ca60 (13 bytes)
1740853447.504740 sending message 112 to peer 0x563be288ca60 (11 bytes)
1740853447.504744 sending message 112 to peer 0x563be288ca60 (12 bytes)
1740853447.504748 sending message 112 to peer 0x563be288ca60 (12 bytes)
1740853447.504752 sending message 112 to peer 0x563be288ca60 (12 bytes)
1740853447.504756 sending message 112 to peer 0x563be288ca60 (12 bytes)
1740853447.504761 sending message 112 to peer 0x563be288ca60 (12 bytes)
1740853447.504765 sending message 112 to peer 0x563be288ca60 (21 bytes)
1740853447.504769 sending message 112 to peer 0x563be288ca60 (12 bytes)
1740853447.504773 sending message 112 to peer 0x563be288ca60 (9 bytes)
1740853447.504777 sending message 112 to peer 0x563be288ca60 (6 bytes)
1740853447.504781 sending message 112 to peer 0x563be288ca60 (13 bytes)
1740853447.504786 sending message 112 to peer 0x563be288ca60 (10 bytes)
1740853447.504790 sending message 112 to peer 0x563be288ca60 (24 bytes)
1740853447.504794 sending message 112 to peer 0x563be288ca60 (13 bytes)
1740853447.504798 sending message 112 to peer 0x563be288ca60 (9 bytes)
1740853447.504802 sending message 112 to peer 0x563be288ca60 (70 bytes)
1740853447.504806 sending message 112 to peer 0x563be288ca60 (69 bytes)
1740853447.504811 sending message 112 to peer 0x563be288ca60 (12 bytes)
1740853447.504815 sending message 112 to peer 0x563be288ca60 (10 bytes)
1740853447.504819 sending message 112 to peer 0x563be288ca60 (10 bytes)
1740853447.504823 sending message 112 to peer 0x563be288ca60 (24 bytes)
1740853447.504827 sending message 112 to peer 0x563be288ca60 (13 bytes)
1740853447.504832 sending message 112 to peer 0x563be288ca60 (10 bytes)
1740853447.504836 sending message 112 to peer 0x563be288ca60 (10 bytes)
1740853447.504840 sending message 112 to peer 0x563be288ca60 (10 bytes)
1740853447.504844 sending message 112 to peer 0x563be288ca60 (13 bytes)
1740853447.504848 sending message 112 to peer 0x563be288ca60 (15 bytes)
1740853447.504852 sending message 112 to peer 0x563be288ca60 (5 bytes)
1740853447.504857 sending message 104 to peer 0x563be288ca60 (0 bytes)
1740853447.504862 sending message 110 to peer 0x563be288ca60 (0 bytes)
1740853447.504866 sending message 107 to peer 0x563be288ca60 (4 bytes)
1740853447.504871 sending message 105 to peer 0x563be288ca60 (16 bytes)
1740853447.504875 sending message 105 to peer 0x563be288ca60 (24 bytes)
1740853447.504879 sending message 105 to peer 0x563be288ca60 (23 bytes)
1740853447.504883 sending message 105 to peer 0x563be288ca60 (21 bytes)
1740853447.504888 sending message 105 to peer 0x563be288ca60 (43 bytes)
1740853447.504893 sending message 105 to peer 0x563be288ca60 (16 bytes)
1740853447.504898 sending message 105 to peer 0x563be288ca60 (19 bytes)
1740853447.504902 sending message 105 to peer 0x563be288ca60 (13 bytes)
1740853447.504906 sending message 105 to peer 0x563be288ca60 (33 bytes)
1740853447.504915 sending message 105 to peer 0x563be288ca60 (1817 bytes)
1740853447.504927 sending message 105 to peer 0x563be288ca60 (26 bytes)
1740853447.504931 sending message 105 to peer 0x563be288ca60 (34 bytes)
1740853447.504935 sending message 105 to peer 0x563be288ca60 (20 bytes)
1740853447.504940 sending message 105 to peer 0x563be288ca60 (32 bytes)
1740853447.504944 sending message 105 to peer 0x563be288ca60 (13 bytes)
1740853447.504948 sending message 105 to peer 0x563be288ca60 (11 bytes)
1740853447.504952 sending message 105 to peer 0x563be288ca60 (8 bytes)
1740853447.504956 sending message 105 to peer 0x563be288ca60 (32 bytes)
1740853447.504961 sending message 105 to peer 0x563be288ca60 (8 bytes)
1740853447.504965 sending message 105 to peer 0x563be288ca60 (65 bytes)
1740853447.504969 sending message 105 to peer 0x563be288ca60 (1592 bytes)
1740853447.504973 sending message 105 to peer 0x563be288ca60 (54 bytes)
1740853447.504978 sending message 105 to peer 0x563be288ca60 (16 bytes)
1740853447.504982 sending message 105 to peer 0x563be288ca60 (40 bytes)
1740853447.504986 sending message 105 to peer 0x563be288ca60 (16 bytes)
1740853447.504990 sending message 105 to peer 0x563be288ca60 (30 bytes)
1740853447.504994 sending message 106 to peer 0x563be288ca60 (0 bytes)
1740853447.505042 sending message 200 to peer 0x563be288ca60 (4 bytes)
1740853447.505046 client loop enter
1740853447.505060 client_signal: Child exited
1740853447.634595 peer 0x563be288ca60 message 207
1740853447.634616 sending message 208 to peer 0x563be288ca60 (0 bytes)
1740853533.803657 peer 0x563be288ca60 message 201
1740853533.803677 sending message 205 to peer 0x563be288ca60 (0 bytes)
1740853533.804270 peer 0x563be288ca60 message 204
1740853533.804280 client loop exit
